<?xml version="1.0" encoding="UTF-8"?>
<coverage generated="1544403350039" clover="3.2.0">
  <project timestamp="1544403350040" name="All files">
    <metrics statements="7" coveredstatements="7" conditionals="8" coveredconditionals="8" methods="2" coveredmethods="2" elements="17" coveredelements="17" complexity="0" loc="7" ncloc="7" packages="1" files="1" classes="1">
      <file name="app.js" path="/Users/shakti/Desktop/ca/JavaScript/Node/TDD/app.js">
        <metrics statements="7" coveredstatements="7" conditionals="8" coveredconditionals="8" methods="2" coveredmethods="2"/>
        <line num="4" count="2" type="cond" truecount="4" falsecount="0"/>
        <line num="5" count="1" type="stmt"/>
        <line num="7" count="1" type="stmt"/>
        <line num="11" count="2" type="cond" truecount="4" falsecount="0"/>
        <line num="12" count="1" type="stmt"/>
        <line num="14" count="1" type="stmt"/>
        <line num="17" count="1" type="stmt"/>
      </file>
    </metrics>
  </project>
</coverage>
